This file contains any messages produced by compilers while
running configure, to aid debugging if configure makes a mistake.

It was created by configure, which was
generated by GNU Autoconf 2.69.  Invocation command line was

  $ ./configure 

## --------- ##
## Platform. ##
## --------- ##

hostname = kevin-ThinkPad-Edge-E431
uname -m = x86_64
uname -r = 3.13.0-43-generic
uname -s = Linux
uname -v = #72-Ubuntu SMP Mon Dec 8 19:35:06 UTC 2014

/usr/bin/uname -p = unknown
/bin/uname -X     = unknown

/bin/arch              = unknown
/usr/bin/arch -k       = unknown
/usr/convex/getsysinfo = unknown
/usr/bin/hostinfo      = unknown
/bin/machine           = unknown
/usr/bin/oslevel       = unknown
/bin/universe          = unknown

PATH: /usr/local/sbin
PATH: /usr/local/bin
PATH: /usr/sbin
PATH: /usr/bin
PATH: /sbin
PATH: /bin
PATH: /usr/games
PATH: /usr/local/games


## ----------- ##
## Core tests. ##
## ----------- ##

configure:2091: checking for grep that handles long lines and -e
configure:2149: result: /bin/grep
configure:2154: checking for egrep
configure:2216: result: /bin/grep -E
configure:2221: checking for a sed that does not truncate output
configure:2285: result: /bin/sed
configure:2419: checking for cc
configure:2435: found /usr/bin/cc
configure:2446: result: cc
configure:2477: checking for C compiler version
configure:2486: cc --version >&5
cc (Ubuntu 4.8.2-19ubuntu1) 4.8.2
Copyright (C) 2013 Free Software Foundation, Inc.
This is free software; see the source for copying conditions.  There is NO
warranty; not even for MERCHANTABILITY or FITNESS FOR A PARTICULAR PURPOSE.

configure:2497: $? = 0
configure:2486: cc -v >&5
Using built-in specs.
COLLECT_GCC=cc
COLLECT_LTO_WRAPPER=/usr/lib/gcc/x86_64-linux-gnu/4.8/lto-wrapper
Target: x86_64-linux-gnu
Configured with: ../src/configure -v --with-pkgversion='Ubuntu 4.8.2-19ubuntu1' --with-bugurl=file:///usr/share/doc/gcc-4.8/README.Bugs --enable-languages=c,c++,java,go,d,fortran,objc,obj-c++ --prefix=/usr --program-suffix=-4.8 --enable-shared --enable-linker-build-id --libexecdir=/usr/lib --without-included-gettext --enable-threads=posix --with-gxx-include-dir=/usr/include/c++/4.8 --libdir=/usr/lib --enable-nls --with-sysroot=/ --enable-clocale=gnu --enable-libstdcxx-debug --enable-libstdcxx-time=yes --enable-gnu-unique-object --disable-libmudflap --enable-plugin --with-system-zlib --disable-browser-plugin --enable-java-awt=gtk --enable-gtk-cairo --with-java-home=/usr/lib/jvm/java-1.5.0-gcj-4.8-amd64/jre --enable-java-home --with-jvm-root-dir=/usr/lib/jvm/java-1.5.0-gcj-4.8-amd64 --with-jvm-jar-dir=/usr/lib/jvm-exports/java-1.5.0-gcj-4.8-amd64 --with-arch-directory=amd64 --with-ecj-jar=/usr/share/java/eclipse-ecj.jar --enable-objc-gc --enable-multiarch --disable-werror --with-arch-32=i686 --with-abi=m64 --with-multilib-list=m32,m64,mx32 --with-tune=generic --enable-checking=release --build=x86_64-linux-gnu --host=x86_64-linux-gnu --target=x86_64-linux-gnu
Thread model: posix
gcc version 4.8.2 (Ubuntu 4.8.2-19ubuntu1) 
configure:2497: $? = 0
configure:2486: cc -V >&5
cc: error: unrecognized command line option '-V'
cc: fatal error: no input files
compilation terminated.
configure:2497: $? = 4
configure:2486: cc -qversion >&5
cc: error: unrecognized command line option '-qversion'
cc: fatal error: no input files
compilation terminated.
configure:2497: $? = 4
configure:2517: checking whether the C compiler works
configure:2539: cc    conftest.c  >&5
configure:2543: $? = 0
configure:2591: result: yes
configure:2594: checking for C compiler default output file name
configure:2596: result: a.out
configure:2602: checking for suffix of executables
configure:2609: cc -o conftest    conftest.c  >&5
configure:2613: $? = 0
configure:2635: result: 
configure:2657: checking whether we are cross compiling
configure:2665: cc -o conftest    conftest.c  >&5
configure:2669: $? = 0
configure:2676: ./conftest
configure:2680: $? = 0
configure:2695: result: no
configure:2700: checking for suffix of object files
configure:2722: cc -c   conftest.c >&5
configure:2726: $? = 0
configure:2747: result: o
configure:2751: checking whether we are using the GNU C compiler
configure:2770: cc -c   conftest.c >&5
configure:2770: $? = 0
configure:2779: result: yes
configure:2788: checking whether cc accepts -g
configure:2808: cc -c -g  conftest.c >&5
configure:2808: $? = 0
configure:2849: result: yes
configure:2866: checking for cc option to accept ISO C89
configure:2929: cc  -c -g -O2  conftest.c >&5
configure:2929: $? = 0
configure:2942: result: none needed
configure:2968: checking how to run the C preprocessor
configure:2999: cc -E  conftest.c
configure:2999: $? = 0
configure:3013: cc -E  conftest.c
conftest.c:9:28: fatal error: ac_nonexistent.h: No such file or directory
 #include <ac_nonexistent.h>
                            ^
compilation terminated.
configure:3013: $? = 1
configure: failed program was:
| /* confdefs.h */
| #define PACKAGE_NAME ""
| #define PACKAGE_TARNAME ""
| #define PACKAGE_VERSION ""
| #define PACKAGE_STRING ""
| #define PACKAGE_BUGREPORT ""
| #define PACKAGE_URL ""
| /* end confdefs.h.  */
| #include <ac_nonexistent.h>
configure:3038: result: cc -E
configure:3058: cc -E  conftest.c
configure:3058: $? = 0
configure:3072: cc -E  conftest.c
conftest.c:9:28: fatal error: ac_nonexistent.h: No such file or directory
 #include <ac_nonexistent.h>
                            ^
compilation terminated.
configure:3072: $? = 1
configure: failed program was:
| /* confdefs.h */
| #define PACKAGE_NAME ""
| #define PACKAGE_TARNAME ""
| #define PACKAGE_VERSION ""
| #define PACKAGE_STRING ""
| #define PACKAGE_BUGREPORT ""
| #define PACKAGE_URL ""
| /* end confdefs.h.  */
| #include <ac_nonexistent.h>
configure:3103: checking for icc
configure:3112: result: no
configure:3126: checking for suncc
configure:3135: result: no
configure:3153: checking whether cc understands -c and -o together
configure:3181: cc -c conftest.c -o conftest2.o >&5
configure:3185: $? = 0
configure:3191: cc -c conftest.c -o conftest2.o >&5
configure:3195: $? = 0
configure:3250: result: yes
configure:3264: checking for system library directory
configure:3279: result: lib
configure:3286: checking if compiler supports -R
configure:3305: cc -o conftest -g -O2   conftest.c -R /usr/lib  >&5
cc: error: unrecognized command line option '-R'
configure:3305: $? = 1
configure: failed program was:
| /* confdefs.h */
| #define PACKAGE_NAME ""
| #define PACKAGE_TARNAME ""
| #define PACKAGE_VERSION ""
| #define PACKAGE_STRING ""
| #define PACKAGE_BUGREPORT ""
| #define PACKAGE_URL ""
| /* end confdefs.h.  */
| 
| int
| main ()
| {
| 
|   ;
|   return 0;
| }
configure:3315: result: no
configure:3320: checking if compiler supports -Wl,-rpath,
configure:3339: cc -o conftest -g -O2   conftest.c -Wl,-rpath,/usr/lib  >&5
configure:3339: $? = 0
configure:3349: result: yes
configure:3394: checking build system type
configure:3408: result: x86_64-unknown-linux-gnu
configure:3428: checking host system type
configure:3441: result: x86_64-unknown-linux-gnu
configure:3461: checking target system type
configure:3474: result: x86_64-unknown-linux-gnu
configure:3577: checking for PHP prefix
configure:3579: result: /usr
configure:3581: checking for PHP includes
configure:3583: result: -I/usr/include/php5 -I/usr/include/php5/main -I/usr/include/php5/TSRM -I/usr/include/php5/Zend -I/usr/include/php5/ext -I/usr/include/php5/ext/date/lib
configure:3585: checking for PHP extension directory
configure:3587: result: /usr/lib/php5/20121212
configure:3589: checking for PHP installed headers prefix
configure:3591: result: /usr/include/php5
configure:3594: checking if debug is enabled
configure:3620: result: no
configure:3623: checking if zts is enabled
configure:3649: result: no
configure:3720: checking for re2c
configure:3750: result: no
configure:3775: WARNING: You will need re2c 0.13.4 or later if you want to regenerate PHP parsers.
configure:3789: checking for gawk
configure:3820: result: no
configure:3789: checking for nawk
configure:3806: found /usr/bin/nawk
configure:3817: result: nawk
configure:3840: checking if nawk is broken
configure:3847: result: no
configure:3866: checking whether to enable swoole debug
configure:3880: result: no
configure:3889: checking enable sockets support
configure:3903: result: no
configure:3912: checking enable ringbuffer shared memory pool support
configure:3926: result: no
configure:3935: checking enable async_mysql support
configure:3949: result: no
configure:3958: checking enable openssl support
configure:3972: result: no
configure:3981: checking swoole support
configure:4021: result: yes, shared
configure:4030: checking swoole support
configure:4069: result: yes, shared
configure:4079: checking if compiling with clang
configure:4097: cc -c -g -O2  conftest.c >&5
conftest.c: In function 'main':
conftest.c:16:13: error: unknown type name 'not'
             not clang
             ^
configure:4097: $? = 1
configure: failed program was:
| /* confdefs.h */
| #define PACKAGE_NAME ""
| #define PACKAGE_TARNAME ""
| #define PACKAGE_VERSION ""
| #define PACKAGE_STRING ""
| #define PACKAGE_BUGREPORT ""
| #define PACKAGE_URL ""
| /* end confdefs.h.  */
| 
| 
| int
| main ()
| {
| 
|         #ifndef __clang__
|             not clang
|         #endif
| 
|   ;
|   return 0;
| }
configure:4104: result: no
configure:4173: checking for cpu affinity
configure:4191: cc -c -g -O2  conftest.c >&5
configure:4191: $? = 0
configure:4196: result: yes
configure:4212: checking for ext/mysqli support
configure:4218: result: yes
configure:4252: checking for ext/mysqlnd support
configure:4267: result: no
configure:4291: checking for accept4 in -lc
configure:4316: cc -o conftest -Wall -pthread -g -O2   -lpthread conftest.c -lc   >&5
configure:4316: $? = 0
configure:4325: result: yes
configure:4333: checking for signalfd in -lc
configure:4358: cc -o conftest -Wall -pthread -g -O2   -lpthread conftest.c -lc   >&5
configure:4358: $? = 0
configure:4367: result: yes
configure:4375: checking for timerfd_create in -lc
configure:4400: cc -o conftest -Wall -pthread -g -O2   -lpthread conftest.c -lc   >&5
configure:4400: $? = 0
configure:4409: result: yes
configure:4417: checking for eventfd in -lc
configure:4442: cc -o conftest -Wall -pthread -g -O2   -lpthread conftest.c -lc   >&5
configure:4442: $? = 0
configure:4451: result: yes
configure:4459: checking for epoll_create in -lc
configure:4484: cc -o conftest -Wall -pthread -g -O2   -lpthread conftest.c -lc   >&5
configure:4484: $? = 0
configure:4493: result: yes
configure:4501: checking for sendfile in -lc
configure:4526: cc -o conftest -Wall -pthread -g -O2   -lpthread conftest.c -lc   >&5
configure:4526: $? = 0
configure:4535: result: yes
configure:4543: checking for kqueue in -lc
configure:4568: cc -o conftest -Wall -pthread -g -O2   -lpthread conftest.c -lc   >&5
/tmp/ccBurL9y.o: In function `main':
/var/www/learn/swoole-src/conftest.c:28: undefined reference to `kqueue'
collect2: error: ld returned 1 exit status
configure:4568: $? = 1
configure: failed program was:
| /* confdefs.h */
| #define PACKAGE_NAME ""
| #define PACKAGE_TARNAME ""
| #define PACKAGE_VERSION ""
| #define PACKAGE_STRING ""
| #define PACKAGE_BUGREPORT ""
| #define PACKAGE_URL ""
| #define HAVE_CPU_AFFINITY 1
| #define SW_HAVE_MYSQLI 1
| #define HAVE_ACCEPT4 1
| #define HAVE_SIGNALFD 1
| #define HAVE_TIMERFD 1
| #define HAVE_EVENTFD 1
| #define HAVE_EPOLL 1
| #define HAVE_SENDFILE 1
| /* end confdefs.h.  */
| 
| /* Override any GCC internal prototype to avoid an error.
|    Use char because int might match the return type of a GCC
|    builtin and then its argument prototype would still apply.  */
| #ifdef __cplusplus
| extern "C"
| #endif
| char kqueue ();
| int
| main ()
| {
| return kqueue ();
|   ;
|   return 0;
| }
configure:4577: result: no
configure:4585: checking for daemon in -lc
configure:4610: cc -o conftest -Wall -pthread -g -O2   -lpthread conftest.c -lc   >&5
configure:4610: $? = 0
configure:4619: result: yes
configure:4627: checking for mkostemp in -lc
configure:4652: cc -o conftest -Wall -pthread -g -O2   -lpthread conftest.c -lc   >&5
configure:4652: $? = 0
configure:4661: result: yes
configure:4669: checking for pthread_rwlock_init in -lpthread
configure:4694: cc -o conftest -Wall -pthread -g -O2   -lpthread conftest.c -lpthread   >&5
configure:4694: $? = 0
configure:4703: result: yes
configure:4711: checking for pthread_spin_lock in -lpthread
configure:4736: cc -o conftest -Wall -pthread -g -O2   -lpthread conftest.c -lpthread   >&5
configure:4736: $? = 0
configure:4745: result: yes
configure:4753: checking for pthread_mutex_timedlock in -lpthread
configure:4778: cc -o conftest -Wall -pthread -g -O2   -lpthread conftest.c -lpthread   >&5
configure:4778: $? = 0
configure:4787: result: yes
configure:4795: checking for pthread_barrier_init in -lpthread
configure:4820: cc -o conftest -Wall -pthread -g -O2   -lpthread conftest.c -lpthread   >&5
configure:4820: $? = 0
configure:4829: result: yes
configure:4837: checking for SSL_library_init in -lssl
configure:4862: cc -o conftest -Wall -pthread -g -O2   -lpthread conftest.c -lssl   >&5
configure:4862: $? = 0
configure:4871: result: yes
configure:4879: checking for pcre_compile in -lpcre
configure:4904: cc -o conftest -Wall -pthread -g -O2   -lpthread conftest.c -lpcre   >&5
configure:4904: $? = 0
configure:4913: result: yes
configure:4922: checking for gzgets in -lz
configure:4947: cc -o conftest -Wall -pthread -g -O2   -lpthread conftest.c -lz   >&5
configure:4947: $? = 0
configure:4956: result: yes
configure:5076: checking for clock_gettime in -lrt
configure:5101: cc -o conftest -Wall -pthread -g -O2   -lpthread conftest.c -lrt   >&5
configure:5101: $? = 0
configure:5110: result: yes
configure:5118: checking for aio_read in -lrt
configure:5143: cc -o conftest -Wall -pthread -g -O2   -lpthread conftest.c -lrt   >&5
configure:5143: $? = 0
configure:5152: result: yes
configure:5797: checking how to print strings
configure:5824: result: printf
configure:5845: checking for a sed that does not truncate output
configure:5909: result: /bin/sed
configure:5927: checking for fgrep
configure:5989: result: /bin/grep -F
configure:6024: checking for ld used by cc
configure:6091: result: /usr/bin/ld
configure:6098: checking if the linker (/usr/bin/ld) is GNU ld
configure:6113: result: yes
configure:6125: checking for BSD- or MS-compatible name lister (nm)
configure:6174: result: /usr/bin/nm -B
configure:6304: checking the name lister (/usr/bin/nm -B) interface
configure:6311: cc -c -Wall -pthread -g -O2  conftest.c >&5
configure:6314: /usr/bin/nm -B "conftest.o"
configure:6317: output
0000000000000000 B some_variable
configure:6324: result: BSD nm
configure:6327: checking whether ln -s works
configure:6331: result: yes
configure:6339: checking the maximum length of command line arguments
configure:6470: result: 1572864
configure:6487: checking whether the shell understands some XSI constructs
configure:6497: result: yes
configure:6501: checking whether the shell understands "+="
configure:6507: result: yes
configure:6542: checking how to convert x86_64-unknown-linux-gnu file names to x86_64-unknown-linux-gnu format
configure:6582: result: func_convert_file_noop
configure:6589: checking how to convert x86_64-unknown-linux-gnu file names to toolchain format
configure:6609: result: func_convert_file_noop
configure:6616: checking for /usr/bin/ld option to reload object files
configure:6623: result: -r
configure:6697: checking for objdump
configure:6713: found /usr/bin/objdump
configure:6724: result: objdump
configure:6756: checking how to recognize dependent libraries
configure:6954: result: pass_all
configure:7039: checking for dlltool
configure:7069: result: no
configure:7099: checking how to associate runtime and link libraries
configure:7126: result: printf %s\n
configure:7186: checking for ar
configure:7202: found /usr/bin/ar
configure:7213: result: ar
configure:7250: checking for archiver @FILE support
configure:7267: cc -c -Wall -pthread -g -O2  conftest.c >&5
configure:7267: $? = 0
configure:7270: ar cru libconftest.a @conftest.lst >&5
configure:7273: $? = 0
configure:7278: ar cru libconftest.a @conftest.lst >&5
ar: conftest.o: No such file or directory
configure:7281: $? = 1
configure:7293: result: @
configure:7351: checking for strip
configure:7367: found /usr/bin/strip
configure:7378: result: strip
configure:7450: checking for ranlib
configure:7466: found /usr/bin/ranlib
configure:7477: result: ranlib
configure:7554: checking for gawk
configure:7581: result: nawk
configure:7621: checking command to parse /usr/bin/nm -B output from cc object
configure:7741: cc -c -Wall -pthread -g -O2  conftest.c >&5
configure:7744: $? = 0
configure:7748: /usr/bin/nm -B conftest.o \| sed -n -e 's/^.*[ ]\([ABCDGIRSTW][ABCDGIRSTW]*\)[ ][ ]*\([_A-Za-z][_A-Za-z0-9]*\)$/\1 \2 \2/p' | sed '/ __gnu_lto/d' \> conftest.nm
configure:7751: $? = 0
configure:7817: cc -o conftest -Wall -pthread -g -O2   -lpthread conftest.c conftstm.o >&5
configure:7820: $? = 0
configure:7858: result: ok
configure:7895: checking for sysroot
configure:7925: result: no
configure:8002: cc -c -Wall -pthread -g -O2  conftest.c >&5
configure:8005: $? = 0
configure:8194: checking for mt
configure:8210: found /bin/mt
configure:8221: result: mt
configure:8244: checking if mt is a manifest tool
configure:8250: mt '-?'
configure:8258: result: no
configure:8895: checking for ANSI C header files
configure:8915: cc -c -Wall -pthread -g -O2  conftest.c >&5
configure:8915: $? = 0
configure:8988: cc -o conftest -Wall -pthread -g -O2   -lpthread conftest.c  >&5
configure:8988: $? = 0
configure:8988: ./conftest
configure:8988: $? = 0
configure:8999: result: yes
configure:9012: checking for sys/types.h
configure:9012: cc -c -Wall -pthread -g -O2  conftest.c >&5
configure:9012: $? = 0
configure:9012: result: yes
configure:9012: checking for sys/stat.h
configure:9012: cc -c -Wall -pthread -g -O2  conftest.c >&5
configure:9012: $? = 0
configure:9012: result: yes
configure:9012: checking for stdlib.h
configure:9012: cc -c -Wall -pthread -g -O2  conftest.c >&5
configure:9012: $? = 0
configure:9012: result: yes
configure:9012: checking for string.h
configure:9012: cc -c -Wall -pthread -g -O2  conftest.c >&5
configure:9012: $? = 0
configure:9012: result: yes
configure:9012: checking for memory.h
configure:9012: cc -c -Wall -pthread -g -O2  conftest.c >&5
configure:9012: $? = 0
configure:9012: result: yes
configure:9012: checking for strings.h
configure:9012: cc -c -Wall -pthread -g -O2  conftest.c >&5
configure:9012: $? = 0
configure:9012: result: yes
configure:9012: checking for inttypes.h
configure:9012: cc -c -Wall -pthread -g -O2  conftest.c >&5
configure:9012: $? = 0
configure:9012: result: yes
configure:9012: checking for stdint.h
configure:9012: cc -c -Wall -pthread -g -O2  conftest.c >&5
configure:9012: $? = 0
configure:9012: result: yes
configure:9012: checking for unistd.h
configure:9012: cc -c -Wall -pthread -g -O2  conftest.c >&5
configure:9012: $? = 0
configure:9012: result: yes
configure:9026: checking for dlfcn.h
configure:9026: cc -c -Wall -pthread -g -O2  conftest.c >&5
configure:9026: $? = 0
configure:9026: result: yes
configure:9232: checking for objdir
configure:9247: result: .libs
configure:9518: checking if cc supports -fno-rtti -fno-exceptions
configure:9536: cc -c -Wall -pthread -g -O2  -fno-rtti -fno-exceptions conftest.c >&5
cc1: warning: command line option '-fno-rtti' is valid for C++/ObjC++ but not for C [enabled by default]
configure:9540: $? = 0
configure:9553: result: no
configure:9880: checking for cc option to produce PIC
configure:9887: result: -fPIC -DPIC
configure:9895: checking if cc PIC flag -fPIC -DPIC works
configure:9913: cc -c -Wall -pthread -g -O2  -fPIC -DPIC -DPIC conftest.c >&5
configure:9917: $? = 0
configure:9930: result: yes
configure:9959: checking if cc static flag -static works
configure:9987: result: yes
configure:10002: checking if cc supports -c -o file.o
configure:10023: cc -c -Wall -pthread -g -O2  -o out/conftest2.o conftest.c >&5
configure:10027: $? = 0
configure:10049: result: yes
configure:10057: checking if cc supports -c -o file.o
configure:10104: result: yes
configure:10137: checking whether the cc linker (/usr/bin/ld -m elf_x86_64) supports shared libraries
configure:11294: result: yes
configure:11331: checking whether -lc should be explicitly linked in
configure:11339: cc -c -Wall -pthread -g -O2  conftest.c >&5
configure:11342: $? = 0
configure:11357: cc -shared  -fPIC -DPIC conftest.o  -v -Wl,-soname -Wl,conftest -o conftest 2\>\&1 \| /bin/grep  -lc  \>/dev/null 2\>\&1
configure:11360: $? = 0
configure:11374: result: no
configure:11534: checking dynamic linker characteristics
configure:12034: cc -o conftest -Wall -pthread -g -O2   -lpthread -Wl,-rpath -Wl,/foo conftest.c  >&5
configure:12034: $? = 0
configure:12268: result: GNU/Linux ld.so
configure:12375: checking how to hardcode library paths into programs
configure:12400: result: immediate
configure:12940: checking whether stripping libraries is possible
configure:12945: result: yes
configure:12980: checking if libtool supports shared libraries
configure:12982: result: yes
configure:12985: checking whether to build shared libraries
configure:13006: result: yes
configure:13009: checking whether to build static libraries
configure:13013: result: no
configure:13289: creating ./config.status

## ---------------------- ##
## Running config.status. ##
## ---------------------- ##

This file was extended by config.status, which was
generated by GNU Autoconf 2.69.  Invocation command line was

  CONFIG_FILES    = 
  CONFIG_HEADERS  = 
  CONFIG_LINKS    = 
  CONFIG_COMMANDS = 
  $ ./config.status 

on kevin-ThinkPad-Edge-E431

config.status:905: creating config.h
config.status:1009: executing libtool commands

## ---------------- ##
## Cache variables. ##
## ---------------- ##

ac_cv_build=x86_64-unknown-linux-gnu
ac_cv_c_compiler_gnu=yes
ac_cv_env_CC_set=
ac_cv_env_CC_value=
ac_cv_env_CFLAGS_set=
ac_cv_env_CFLAGS_value=
ac_cv_env_CPPFLAGS_set=
ac_cv_env_CPPFLAGS_value=
ac_cv_env_CPP_set=
ac_cv_env_CPP_value=
ac_cv_env_LDFLAGS_set=
ac_cv_env_LDFLAGS_value=
ac_cv_env_LIBS_set=
ac_cv_env_LIBS_value=
ac_cv_env_build_alias_set=
ac_cv_env_build_alias_value=
ac_cv_env_host_alias_set=
ac_cv_env_host_alias_value=
ac_cv_env_target_alias_set=
ac_cv_env_target_alias_value=
ac_cv_header_dlfcn_h=yes
ac_cv_header_inttypes_h=yes
ac_cv_header_memory_h=yes
ac_cv_header_stdc=yes
ac_cv_header_stdint_h=yes
ac_cv_header_stdlib_h=yes
ac_cv_header_string_h=yes
ac_cv_header_strings_h=yes
ac_cv_header_sys_stat_h=yes
ac_cv_header_sys_types_h=yes
ac_cv_header_unistd_h=yes
ac_cv_host=x86_64-unknown-linux-gnu
ac_cv_lib_c_accept4=yes
ac_cv_lib_c_daemon=yes
ac_cv_lib_c_epoll_create=yes
ac_cv_lib_c_eventfd=yes
ac_cv_lib_c_kqueue=no
ac_cv_lib_c_mkostemp=yes
ac_cv_lib_c_sendfile=yes
ac_cv_lib_c_signalfd=yes
ac_cv_lib_c_timerfd_create=yes
ac_cv_lib_pcre_pcre_compile=yes
ac_cv_lib_pthread_pthread_barrier_init=yes
ac_cv_lib_pthread_pthread_mutex_timedlock=yes
ac_cv_lib_pthread_pthread_rwlock_init=yes
ac_cv_lib_pthread_pthread_spin_lock=yes
ac_cv_lib_rt_aio_read=yes
ac_cv_lib_rt_clock_gettime=yes
ac_cv_lib_ssl_SSL_library_init=yes
ac_cv_lib_z_gzgets=yes
ac_cv_objext=o
ac_cv_path_EGREP='/bin/grep -E'
ac_cv_path_FGREP='/bin/grep -F'
ac_cv_path_GREP=/bin/grep
ac_cv_path_SED=/bin/sed
ac_cv_prog_AWK=nawk
ac_cv_prog_CPP='cc -E'
ac_cv_prog_ac_ct_AR=ar
ac_cv_prog_ac_ct_CC=cc
ac_cv_prog_ac_ct_MANIFEST_TOOL=mt
ac_cv_prog_ac_ct_OBJDUMP=objdump
ac_cv_prog_ac_ct_RANLIB=ranlib
ac_cv_prog_ac_ct_STRIP=strip
ac_cv_prog_cc_c89=
ac_cv_prog_cc_cc_c_o=yes
ac_cv_prog_cc_g=yes
ac_cv_target=x86_64-unknown-linux-gnu
lt_cv_ar_at_file=@
lt_cv_archive_cmds_need_lc=no
lt_cv_deplibs_check_method=pass_all
lt_cv_file_magic_cmd='$MAGIC_CMD'
lt_cv_file_magic_test_file=
lt_cv_ld_reload_flag=-r
lt_cv_nm_interface='BSD nm'
lt_cv_objdir=.libs
lt_cv_path_LD=/usr/bin/ld
lt_cv_path_NM='/usr/bin/nm -B'
lt_cv_path_mainfest_tool=no
lt_cv_prog_compiler_c_o=yes
lt_cv_prog_compiler_pic='-fPIC -DPIC'
lt_cv_prog_compiler_pic_works=yes
lt_cv_prog_compiler_rtti_exceptions=no
lt_cv_prog_compiler_static_works=yes
lt_cv_prog_gnu_ld=yes
lt_cv_sharedlib_from_linklib_cmd='printf %s\n'
lt_cv_shlibpath_overrides_runpath=no
lt_cv_sys_global_symbol_pipe='sed -n -e '\''s/^.*[	 ]\([ABCDGIRSTW][ABCDGIRSTW]*\)[	 ][	 ]*\([_A-Za-z][_A-Za-z0-9]*\)$/\1 \2 \2/p'\'' | sed '\''/ __gnu_lto/d'\'''
lt_cv_sys_global_symbol_to_c_name_address='sed -n -e '\''s/^: \([^ ]*\)[ ]*$/  {\"\1\", (void *) 0},/p'\'' -e '\''s/^[ABCDGIRSTW]* \([^ ]*\) \([^ ]*\)$/  {"\2", (void *) \&\2},/p'\'''
lt_cv_sys_global_symbol_to_c_name_address_lib_prefix='sed -n -e '\''s/^: \([^ ]*\)[ ]*$/  {\"\1\", (void *) 0},/p'\'' -e '\''s/^[ABCDGIRSTW]* \([^ ]*\) \(lib[^ ]*\)$/  {"\2", (void *) \&\2},/p'\'' -e '\''s/^[ABCDGIRSTW]* \([^ ]*\) \([^ ]*\)$/  {"lib\2", (void *) \&\2},/p'\'''
lt_cv_sys_global_symbol_to_cdecl='sed -n -e '\''s/^T .* \(.*\)$/extern int \1();/p'\'' -e '\''s/^[ABCDGIRSTW]* .* \(.*\)$/extern char \1;/p'\'''
lt_cv_sys_max_cmd_len=1572864
lt_cv_to_host_file_cmd=func_convert_file_noop
lt_cv_to_tool_file_cmd=func_convert_file_noop
php_cv_cc_dashr=no
php_cv_cc_rpath=yes

## ----------------- ##
## Output variables. ##
## ----------------- ##

AR='ar'
AWK='nawk'
CC='cc'
CFLAGS='-Wall -pthread -g -O2'
CONFIGURE_COMMAND=' '\''./configure'\'' '
CONFIGURE_OPTIONS=''
CPP='cc -E'
CPPFLAGS=' -DHAVE_CONFIG_H'
DEFS='-DHAVE_CONFIG_H'
DLLTOOL='false'
DSYMUTIL=''
DUMPBIN=''
ECHO_C=''
ECHO_N='-n'
ECHO_T=''
EGREP='/bin/grep -E'
EXEEXT=''
FGREP='/bin/grep -F'
GREP='/bin/grep'
LD='/usr/bin/ld -m elf_x86_64'
LDFLAGS=' -lpthread'
LIBOBJS=''
LIBS=''
LIBTOOL='$(SHELL) $(top_builddir)/libtool'
LIPO=''
LN_S='ln -s'
LTLIBOBJS=''
MANIFEST_TOOL=':'
NM='/usr/bin/nm -B'
NMEDIT=''
OBJDUMP='objdump'
OBJEXT='o'
OTOOL64=''
OTOOL=''
PACKAGE_BUGREPORT=''
PACKAGE_NAME=''
PACKAGE_STRING=''
PACKAGE_TARNAME=''
PACKAGE_URL=''
PACKAGE_VERSION=''
PATH_SEPARATOR=':'
RANLIB='ranlib'
RE2C='exit 0;'
SED='/bin/sed'
SHELL='/bin/bash'
SHLIB_DL_SUFFIX_NAME='so'
SHLIB_SUFFIX_NAME='so'
STRIP='strip'
ac_ct_AR='ar'
ac_ct_CC='cc'
ac_ct_DUMPBIN=''
bindir='${exec_prefix}/bin'
build='x86_64-unknown-linux-gnu'
build_alias=''
build_cpu='x86_64'
build_os='linux-gnu'
build_vendor='unknown'
datadir='${datarootdir}'
datarootdir='${prefix}/share'
docdir='${datarootdir}/doc/${PACKAGE}'
dvidir='${docdir}'
exec_prefix='$(prefix)'
host='x86_64-unknown-linux-gnu'
host_alias='x86_64-unknown-linux-gnu'
host_cpu='x86_64'
host_os='linux-gnu'
host_vendor='unknown'
htmldir='${docdir}'
includedir='${prefix}/include'
infodir='${datarootdir}/info'
libdir='${exec_prefix}/lib'
libexecdir='${exec_prefix}/libexec'
localedir='${datarootdir}/locale'
localstatedir='${prefix}/var'
mandir='${datarootdir}/man'
oldincludedir='/usr/include'
pdfdir='${docdir}'
prefix='/usr'
program_transform_name='s,x,x,'
psdir='${docdir}'
sbindir='${exec_prefix}/sbin'
sharedstatedir='${prefix}/com'
sysconfdir='${prefix}/etc'
target='x86_64-unknown-linux-gnu'
target_alias=''
target_cpu='x86_64'
target_os='linux-gnu'
target_vendor='unknown'

## ----------- ##
## confdefs.h. ##
## ----------- ##

/* confdefs.h */
#define PACKAGE_NAME ""
#define PACKAGE_TARNAME ""
#define PACKAGE_VERSION ""
#define PACKAGE_STRING ""
#define PACKAGE_BUGREPORT ""
#define PACKAGE_URL ""
#define HAVE_CPU_AFFINITY 1
#define SW_HAVE_MYSQLI 1
#define HAVE_ACCEPT4 1
#define HAVE_SIGNALFD 1
#define HAVE_TIMERFD 1
#define HAVE_EVENTFD 1
#define HAVE_EPOLL 1
#define HAVE_SENDFILE 1
#define HAVE_DAEMON 1
#define HAVE_MKOSTEMP 1
#define HAVE_RWLOCK 1
#define HAVE_SPINLOCK 1
#define HAVE_MUTEX_TIMEDLOCK 1
#define HAVE_PTHREAD_BARRIER 1
#define HAVE_OPENSSL 1
#define HAVE_PCRE 1
#define SW_HAVE_ZLIB 1
#define HAVE_CLOCK_GETTIME 1
#define HAVE_GCC_AIO 1
#define COMPILE_DL_SWOOLE 1
#define STDC_HEADERS 1
#define HAVE_SYS_TYPES_H 1
#define HAVE_SYS_STAT_H 1
#define HAVE_STDLIB_H 1
#define HAVE_STRING_H 1
#define HAVE_MEMORY_H 1
#define HAVE_STRINGS_H 1
#define HAVE_INTTYPES_H 1
#define HAVE_STDINT_H 1
#define HAVE_UNISTD_H 1
#define HAVE_DLFCN_H 1
#define LT_OBJDIR ".libs/"

configure: exit 0
